[WARN ] 2024-06-03 14:05:35.757 [main] ZipPackage - Error in zip file null\excel\data.xlsx - falling back to stream processing (i.e. ignoring zip central directory)
[WARN ] 2024-06-03 14:07:24.992 [main] ZipPackage - Error in zip file null\excel\data.xlsx - falling back to stream processing (i.e. ignoring zip central directory)
[WARN ] 2024-06-03 14:09:42.800 [main] ZipPackage - Error in zip file nullexcel\data.xlsx - falling back to stream processing (i.e. ignoring zip central directory)
[WARN ] 2024-06-03 14:47:54.992 [main] ZipPackage - Error in zip file nullexcel\data.xlsx - falling back to stream processing (i.e. ignoring zip central directory)
[WARN ] 2024-06-03 14:48:19.496 [main] ZipPackage - Error in zip file null\excel\data.xlsx - falling back to stream processing (i.e. ignoring zip central directory)
[WARN ] 2024-06-03 14:48:35.788 [main] ZipPackage - Error in zip file null\excel\data.xlsx - falling back to stream processing (i.e. ignoring zip central directory)
[DEBUG] 2024-06-03 14:49:27.536 [main] PackageRelationshipCollection - Parsing relationship: /xl/_rels/workbook.xml.rels
[DEBUG] 2024-06-03 14:49:27.561 [main] PackageRelationshipCollection - Parsing relationship: /_rels/.rels
[TRACE] 2024-06-03 14:49:28.112 [main] XBeanDebug - Loading type system org.apache.poi.schemas.ooxml.system.ooxml
[TRACE] 2024-06-03 14:49:28.120 [main] XBeanDebug - Loading type system org.apache.xmlbeans.metadata.system.sXMLCONFIG
[TRACE] 2024-06-03 14:49:28.122 [main] XBeanDebug - Loading type system org.apache.xmlbeans.metadata.system.sXMLLANG
[TRACE] 2024-06-03 14:49:28.123 [main] XBeanDebug - Loading type system org.apache.xmlbeans.metadata.system.sXMLSCHEMA
[TRACE] 2024-06-03 14:49:28.125 [main] XBeanDebug - Loading type system org.apache.xmlbeans.metadata.system.sXMLTOOLS
[TRACE] 2024-06-03 14:49:28.128 [main] XBeanDebug - Reading unresolved handles for type system org.apache.xmlbeans.metadata.system.sXMLTOOLS
[TRACE] 2024-06-03 14:49:28.174 [main] XBeanDebug - Finished loading type system org.apache.xmlbeans.metadata.system.sXMLTOOLS
[TRACE] 2024-06-03 14:49:28.176 [main] XBeanDebug - Reading unresolved handles for type system org.apache.xmlbeans.metadata.system.sXMLSCHEMA
[TRACE] 2024-06-03 14:49:28.204 [main] XBeanDebug - Finished loading type system org.apache.xmlbeans.metadata.system.sXMLSCHEMA
[TRACE] 2024-06-03 14:49:28.207 [main] XBeanDebug - Reading unresolved handles for type system org.apache.xmlbeans.metadata.system.sXMLLANG
[TRACE] 2024-06-03 14:49:28.209 [main] XBeanDebug - Finished loading type system org.apache.xmlbeans.metadata.system.sXMLLANG
[TRACE] 2024-06-03 14:49:28.212 [main] XBeanDebug - Reading unresolved handles for type system org.apache.xmlbeans.metadata.system.sXMLCONFIG
[TRACE] 2024-06-03 14:49:28.219 [main] XBeanDebug - Finished loading type system org.apache.xmlbeans.metadata.system.sXMLCONFIG
[TRACE] 2024-06-03 14:49:28.222 [main] XBeanDebug - Reading unresolved handles for type system org.apache.poi.schemas.ooxml.system.ooxml
[TRACE] 2024-06-03 14:49:28.388 [main] XBeanDebug - Finished loading type system org.apache.poi.schemas.ooxml.system.ooxml
[TRACE] 2024-06-03 14:49:28.390 [main] XBeanDebug - Resolving type for handle themefd26doctype
[TRACE] 2024-06-03 14:49:28.585 [main] XBeanDebug - Resolving type for handle stylesheet5d8bdoctype
[TRACE] 2024-06-03 14:49:28.598 [main] XBeanDebug - Resolving type for handle ctstylesheet4257type
[TRACE] 2024-06-03 14:49:28.608 [main] XBeanDebug - Resolving type for handle ctfonts6623type
[TRACE] 2024-06-03 14:49:28.615 [main] XBeanDebug - Resolving type for handle ctfont14d8type
[TRACE] 2024-06-03 14:49:28.632 [main] XBeanDebug - Resolving type for handle ctfills2c6ftype
[TRACE] 2024-06-03 14:49:28.638 [main] XBeanDebug - Resolving type for handle ctfill550ctype
[TRACE] 2024-06-03 14:49:28.646 [main] XBeanDebug - Resolving type for handle ctborders0d66type
[TRACE] 2024-06-03 14:49:28.652 [main] XBeanDebug - Resolving type for handle ctborderf935type
[TRACE] 2024-06-03 14:49:28.660 [main] XBeanDebug - Resolving type for handle ctcellxfs1322type
[TRACE] 2024-06-03 14:49:28.665 [main] XBeanDebug - Resolving type for handle ctxf97f7type
[TRACE] 2024-06-03 14:49:28.672 [main] XBeanDebug - Resolving type for handle ctcellstylexfsa81ftype
[TRACE] 2024-06-03 14:49:28.678 [main] XBeanDebug - Resolving type for handle ctdxfsb26atype
[TRACE] 2024-06-03 14:49:28.684 [main] XBeanDebug - Resolving type for handle cttablestyles872ftype
[TRACE] 2024-06-03 14:49:28.693 [main] XBeanDebug - Resolving type for handle sstf81fdoctype
[TRACE] 2024-06-03 14:49:28.703 [main] XBeanDebug - Resolving type for handle ctsst44f3type
[TRACE] 2024-06-03 14:49:28.727 [main] XBeanDebug - Resolving type for handle ctrsta472type
[TRACE] 2024-06-03 14:49:28.766 [main] XBeanDebug - Resolving type for handle workbookec17doctype
[TRACE] 2024-06-03 14:49:28.778 [main] XBeanDebug - Resolving type for handle ctworkbook83c3type
[TRACE] 2024-06-03 14:49:28.788 [main] XBeanDebug - Resolving type for handle ctsheets49fdtype
[TRACE] 2024-06-03 14:49:28.795 [main] XBeanDebug - Resolving type for handle ctsheet4dbetype
[TRACE] 2024-06-03 14:49:28.799 [main] XBeanDebug - Resolving type for handle strelationshipid1e94type
[TRACE] 2024-06-03 14:49:28.806 [main] XBeanDebug - Resolving type for handle worksheetf539doctype
[TRACE] 2024-06-03 14:49:28.817 [main] XBeanDebug - Resolving type for handle ctworksheet530dtype
[TRACE] 2024-06-03 14:49:28.841 [main] XBeanDebug - Resolving type for handle ctcols627ctype
[TRACE] 2024-06-03 14:49:28.855 [main] XBeanDebug - Resolving type for handle ctcola95ftype
[TRACE] 2024-06-03 14:49:28.892 [main] XBeanDebug - Resolving type for handle ctsheetdata8408type
[TRACE] 2024-06-03 14:49:28.899 [main] XBeanDebug - Resolving type for handle ctrowdd39type
[TRACE] 2024-06-03 14:49:28.911 [main] XBeanDebug - Resolving type for handle ctcell842btype
[TRACE] 2024-06-03 14:49:28.928 [main] XBeanDebug - Resolving type for handle stcellrefe4e0type
[TRACE] 2024-06-03 14:49:28.942 [main] XBeanDebug - Resolving type for handle stxstringf179type
[DEBUG] 2024-06-03 14:50:26.370 [main] PackageRelationshipCollection - Parsing relationship: /xl/_rels/workbook.xml.rels
[DEBUG] 2024-06-03 14:50:26.386 [main] PackageRelationshipCollection - Parsing relationship: /_rels/.rels
[TRACE] 2024-06-03 14:50:26.858 [main] XBeanDebug - Loading type system org.apache.poi.schemas.ooxml.system.ooxml
[TRACE] 2024-06-03 14:50:26.865 [main] XBeanDebug - Loading type system org.apache.xmlbeans.metadata.system.sXMLCONFIG
[TRACE] 2024-06-03 14:50:26.866 [main] XBeanDebug - Loading type system org.apache.xmlbeans.metadata.system.sXMLLANG
[TRACE] 2024-06-03 14:50:26.867 [main] XBeanDebug - Loading type system org.apache.xmlbeans.metadata.system.sXMLSCHEMA
[TRACE] 2024-06-03 14:50:26.869 [main] XBeanDebug - Loading type system org.apache.xmlbeans.metadata.system.sXMLTOOLS
[TRACE] 2024-06-03 14:50:26.873 [main] XBeanDebug - Reading unresolved handles for type system org.apache.xmlbeans.metadata.system.sXMLTOOLS
[TRACE] 2024-06-03 14:50:26.909 [main] XBeanDebug - Finished loading type system org.apache.xmlbeans.metadata.system.sXMLTOOLS
[TRACE] 2024-06-03 14:50:26.912 [main] XBeanDebug - Reading unresolved handles for type system org.apache.xmlbeans.metadata.system.sXMLSCHEMA
[TRACE] 2024-06-03 14:50:26.923 [main] XBeanDebug - Finished loading type system org.apache.xmlbeans.metadata.system.sXMLSCHEMA
[TRACE] 2024-06-03 14:50:26.926 [main] XBeanDebug - Reading unresolved handles for type system org.apache.xmlbeans.metadata.system.sXMLLANG
[TRACE] 2024-06-03 14:50:26.928 [main] XBeanDebug - Finished loading type system org.apache.xmlbeans.metadata.system.sXMLLANG
[TRACE] 2024-06-03 14:50:26.930 [main] XBeanDebug - Reading unresolved handles for type system org.apache.xmlbeans.metadata.system.sXMLCONFIG
[TRACE] 2024-06-03 14:50:26.932 [main] XBeanDebug - Finished loading type system org.apache.xmlbeans.metadata.system.sXMLCONFIG
[TRACE] 2024-06-03 14:50:26.934 [main] XBeanDebug - Reading unresolved handles for type system org.apache.poi.schemas.ooxml.system.ooxml
[TRACE] 2024-06-03 14:50:27.092 [main] XBeanDebug - Finished loading type system org.apache.poi.schemas.ooxml.system.ooxml
[TRACE] 2024-06-03 14:50:27.094 [main] XBeanDebug - Resolving type for handle themefd26doctype
[TRACE] 2024-06-03 14:50:27.235 [main] XBeanDebug - Resolving type for handle stylesheet5d8bdoctype
[TRACE] 2024-06-03 14:50:27.247 [main] XBeanDebug - Resolving type for handle ctstylesheet4257type
[TRACE] 2024-06-03 14:50:27.258 [main] XBeanDebug - Resolving type for handle ctfonts6623type
[TRACE] 2024-06-03 14:50:27.266 [main] XBeanDebug - Resolving type for handle ctfont14d8type
[TRACE] 2024-06-03 14:50:27.280 [main] XBeanDebug - Resolving type for handle ctfills2c6ftype
[TRACE] 2024-06-03 14:50:27.286 [main] XBeanDebug - Resolving type for handle ctfill550ctype
[TRACE] 2024-06-03 14:50:27.290 [main] XBeanDebug - Resolving type for handle ctborders0d66type
[TRACE] 2024-06-03 14:50:27.296 [main] XBeanDebug - Resolving type for handle ctborderf935type
[TRACE] 2024-06-03 14:50:27.304 [main] XBeanDebug - Resolving type for handle ctcellxfs1322type
[TRACE] 2024-06-03 14:50:27.311 [main] XBeanDebug - Resolving type for handle ctxf97f7type
[TRACE] 2024-06-03 14:50:27.318 [main] XBeanDebug - Resolving type for handle ctcellstylexfsa81ftype
[TRACE] 2024-06-03 14:50:27.323 [main] XBeanDebug - Resolving type for handle ctdxfsb26atype
[TRACE] 2024-06-03 14:50:27.329 [main] XBeanDebug - Resolving type for handle cttablestyles872ftype
[TRACE] 2024-06-03 14:50:27.337 [main] XBeanDebug - Resolving type for handle sstf81fdoctype
[TRACE] 2024-06-03 14:50:27.346 [main] XBeanDebug - Resolving type for handle ctsst44f3type
[TRACE] 2024-06-03 14:50:27.368 [main] XBeanDebug - Resolving type for handle ctrsta472type
[TRACE] 2024-06-03 14:50:27.407 [main] XBeanDebug - Resolving type for handle workbookec17doctype
[TRACE] 2024-06-03 14:50:27.418 [main] XBeanDebug - Resolving type for handle ctworkbook83c3type
[TRACE] 2024-06-03 14:50:27.429 [main] XBeanDebug - Resolving type for handle ctsheets49fdtype
[TRACE] 2024-06-03 14:50:27.434 [main] XBeanDebug - Resolving type for handle ctsheet4dbetype
[TRACE] 2024-06-03 14:50:27.439 [main] XBeanDebug - Resolving type for handle strelationshipid1e94type
[TRACE] 2024-06-03 14:50:27.445 [main] XBeanDebug - Resolving type for handle worksheetf539doctype
[TRACE] 2024-06-03 14:50:27.455 [main] XBeanDebug - Resolving type for handle ctworksheet530dtype
[TRACE] 2024-06-03 14:50:27.475 [main] XBeanDebug - Resolving type for handle ctcols627ctype
[TRACE] 2024-06-03 14:50:27.488 [main] XBeanDebug - Resolving type for handle ctcola95ftype
[TRACE] 2024-06-03 14:50:27.520 [main] XBeanDebug - Resolving type for handle ctsheetdata8408type
[TRACE] 2024-06-03 14:50:27.526 [main] XBeanDebug - Resolving type for handle ctrowdd39type
[TRACE] 2024-06-03 14:50:27.538 [main] XBeanDebug - Resolving type for handle ctcell842btype
[TRACE] 2024-06-03 14:50:27.553 [main] XBeanDebug - Resolving type for handle stcellrefe4e0type
[TRACE] 2024-06-03 14:50:27.566 [main] XBeanDebug - Resolving type for handle stxstringf179type
[WARN ] 2024-06-03 14:51:17.641 [main] ZipPackage - Error in zip file null\excel\data.xlsx - falling back to stream processing (i.e. ignoring zip central directory)
[WARN ] 2024-06-03 14:52:31.834 [main] ZipPackage - Error in zip file null\excel\data.xlsx - falling back to stream processing (i.e. ignoring zip central directory)
[WARN ] 2024-06-03 14:54:24.660 [main] ZipPackage - Error in zip file null\excel\data.xlsx - falling back to stream processing (i.e. ignoring zip central directory)
[DEBUG] 2024-06-03 14:57:16.695 [main] PackageRelationshipCollection - Parsing relationship: /xl/_rels/workbook.xml.rels
[DEBUG] 2024-06-03 14:57:16.712 [main] PackageRelationshipCollection - Parsing relationship: /_rels/.rels
[TRACE] 2024-06-03 14:57:17.191 [main] XBeanDebug - Loading type system org.apache.poi.schemas.ooxml.system.ooxml
[TRACE] 2024-06-03 14:57:17.198 [main] XBeanDebug - Loading type system org.apache.xmlbeans.metadata.system.sXMLCONFIG
[TRACE] 2024-06-03 14:57:17.200 [main] XBeanDebug - Loading type system org.apache.xmlbeans.metadata.system.sXMLLANG
[TRACE] 2024-06-03 14:57:17.201 [main] XBeanDebug - Loading type system org.apache.xmlbeans.metadata.system.sXMLSCHEMA
[TRACE] 2024-06-03 14:57:17.202 [main] XBeanDebug - Loading type system org.apache.xmlbeans.metadata.system.sXMLTOOLS
[TRACE] 2024-06-03 14:57:17.206 [main] XBeanDebug - Reading unresolved handles for type system org.apache.xmlbeans.metadata.system.sXMLTOOLS
[TRACE] 2024-06-03 14:57:17.245 [main] XBeanDebug - Finished loading type system org.apache.xmlbeans.metadata.system.sXMLTOOLS
[TRACE] 2024-06-03 14:57:17.248 [main] XBeanDebug - Reading unresolved handles for type system org.apache.xmlbeans.metadata.system.sXMLSCHEMA
[TRACE] 2024-06-03 14:57:17.272 [main] XBeanDebug - Finished loading type system org.apache.xmlbeans.metadata.system.sXMLSCHEMA
[TRACE] 2024-06-03 14:57:17.275 [main] XBeanDebug - Reading unresolved handles for type system org.apache.xmlbeans.metadata.system.sXMLLANG
[TRACE] 2024-06-03 14:57:17.276 [main] XBeanDebug - Finished loading type system org.apache.xmlbeans.metadata.system.sXMLLANG
[TRACE] 2024-06-03 14:57:17.279 [main] XBeanDebug - Reading unresolved handles for type system org.apache.xmlbeans.metadata.system.sXMLCONFIG
[TRACE] 2024-06-03 14:57:17.281 [main] XBeanDebug - Finished loading type system org.apache.xmlbeans.metadata.system.sXMLCONFIG
[TRACE] 2024-06-03 14:57:17.284 [main] XBeanDebug - Reading unresolved handles for type system org.apache.poi.schemas.ooxml.system.ooxml
[TRACE] 2024-06-03 14:57:17.436 [main] XBeanDebug - Finished loading type system org.apache.poi.schemas.ooxml.system.ooxml
[TRACE] 2024-06-03 14:57:17.438 [main] XBeanDebug - Resolving type for handle themefd26doctype
[TRACE] 2024-06-03 14:57:17.574 [main] XBeanDebug - Resolving type for handle stylesheet5d8bdoctype
[TRACE] 2024-06-03 14:57:17.585 [main] XBeanDebug - Resolving type for handle ctstylesheet4257type
[TRACE] 2024-06-03 14:57:17.596 [main] XBeanDebug - Resolving type for handle ctfonts6623type
[TRACE] 2024-06-03 14:57:17.603 [main] XBeanDebug - Resolving type for handle ctfont14d8type
[TRACE] 2024-06-03 14:57:17.616 [main] XBeanDebug - Resolving type for handle ctfills2c6ftype
[TRACE] 2024-06-03 14:57:17.621 [main] XBeanDebug - Resolving type for handle ctfill550ctype
[TRACE] 2024-06-03 14:57:17.626 [main] XBeanDebug - Resolving type for handle ctborders0d66type
[TRACE] 2024-06-03 14:57:17.631 [main] XBeanDebug - Resolving type for handle ctborderf935type
[TRACE] 2024-06-03 14:57:17.637 [main] XBeanDebug - Resolving type for handle ctcellxfs1322type
[TRACE] 2024-06-03 14:57:17.641 [main] XBeanDebug - Resolving type for handle ctxf97f7type
[TRACE] 2024-06-03 14:57:17.647 [main] XBeanDebug - Resolving type for handle ctcellstylexfsa81ftype
[TRACE] 2024-06-03 14:57:17.651 [main] XBeanDebug - Resolving type for handle ctdxfsb26atype
[TRACE] 2024-06-03 14:57:17.656 [main] XBeanDebug - Resolving type for handle cttablestyles872ftype
[TRACE] 2024-06-03 14:57:17.663 [main] XBeanDebug - Resolving type for handle sstf81fdoctype
[TRACE] 2024-06-03 14:57:17.670 [main] XBeanDebug - Resolving type for handle ctsst44f3type
[TRACE] 2024-06-03 14:57:17.690 [main] XBeanDebug - Resolving type for handle ctrsta472type
[TRACE] 2024-06-03 14:57:17.723 [main] XBeanDebug - Resolving type for handle workbookec17doctype
[TRACE] 2024-06-03 14:57:17.732 [main] XBeanDebug - Resolving type for handle ctworkbook83c3type
[TRACE] 2024-06-03 14:57:17.742 [main] XBeanDebug - Resolving type for handle ctsheets49fdtype
[TRACE] 2024-06-03 14:57:17.747 [main] XBeanDebug - Resolving type for handle ctsheet4dbetype
[TRACE] 2024-06-03 14:57:17.751 [main] XBeanDebug - Resolving type for handle strelationshipid1e94type
[TRACE] 2024-06-03 14:57:17.756 [main] XBeanDebug - Resolving type for handle worksheetf539doctype
[TRACE] 2024-06-03 14:57:17.767 [main] XBeanDebug - Resolving type for handle ctworksheet530dtype
[TRACE] 2024-06-03 14:57:17.787 [main] XBeanDebug - Resolving type for handle ctcols627ctype
[TRACE] 2024-06-03 14:57:17.801 [main] XBeanDebug - Resolving type for handle ctcola95ftype
[TRACE] 2024-06-03 14:57:17.834 [main] XBeanDebug - Resolving type for handle ctsheetdata8408type
[TRACE] 2024-06-03 14:57:17.839 [main] XBeanDebug - Resolving type for handle ctrowdd39type
[TRACE] 2024-06-03 14:57:17.846 [main] XBeanDebug - Resolving type for handle ctcell842btype
[TRACE] 2024-06-03 14:57:17.857 [main] XBeanDebug - Resolving type for handle stcellrefe4e0type
[TRACE] 2024-06-03 14:57:17.870 [main] XBeanDebug - Resolving type for handle stxstringf179type
[DEBUG] 2024-06-03 19:39:31.161 [main] PackageRelationshipCollection - Parsing relationship: /xl/_rels/workbook.xml.rels
[DEBUG] 2024-06-03 19:39:31.178 [main] PackageRelationshipCollection - Parsing relationship: /_rels/.rels
[TRACE] 2024-06-03 19:39:31.716 [main] XBeanDebug - Loading type system org.apache.poi.schemas.ooxml.system.ooxml
[TRACE] 2024-06-03 19:39:31.723 [main] XBeanDebug - Loading type system org.apache.xmlbeans.metadata.system.sXMLCONFIG
[TRACE] 2024-06-03 19:39:31.725 [main] XBeanDebug - Loading type system org.apache.xmlbeans.metadata.system.sXMLLANG
[TRACE] 2024-06-03 19:39:31.727 [main] XBeanDebug - Loading type system org.apache.xmlbeans.metadata.system.sXMLSCHEMA
[TRACE] 2024-06-03 19:39:31.728 [main] XBeanDebug - Loading type system org.apache.xmlbeans.metadata.system.sXMLTOOLS
[TRACE] 2024-06-03 19:39:31.732 [main] XBeanDebug - Reading unresolved handles for type system org.apache.xmlbeans.metadata.system.sXMLTOOLS
[TRACE] 2024-06-03 19:39:31.767 [main] XBeanDebug - Finished loading type system org.apache.xmlbeans.metadata.system.sXMLTOOLS
[TRACE] 2024-06-03 19:39:31.769 [main] XBeanDebug - Reading unresolved handles for type system org.apache.xmlbeans.metadata.system.sXMLSCHEMA
[TRACE] 2024-06-03 19:39:31.780 [main] XBeanDebug - Finished loading type system org.apache.xmlbeans.metadata.system.sXMLSCHEMA
[TRACE] 2024-06-03 19:39:31.782 [main] XBeanDebug - Reading unresolved handles for type system org.apache.xmlbeans.metadata.system.sXMLLANG
[TRACE] 2024-06-03 19:39:31.784 [main] XBeanDebug - Finished loading type system org.apache.xmlbeans.metadata.system.sXMLLANG
[TRACE] 2024-06-03 19:39:31.787 [main] XBeanDebug - Reading unresolved handles for type system org.apache.xmlbeans.metadata.system.sXMLCONFIG
[TRACE] 2024-06-03 19:39:31.789 [main] XBeanDebug - Finished loading type system org.apache.xmlbeans.metadata.system.sXMLCONFIG
[TRACE] 2024-06-03 19:39:31.791 [main] XBeanDebug - Reading unresolved handles for type system org.apache.poi.schemas.ooxml.system.ooxml
[TRACE] 2024-06-03 19:39:31.929 [main] XBeanDebug - Finished loading type system org.apache.poi.schemas.ooxml.system.ooxml
[TRACE] 2024-06-03 19:39:31.932 [main] XBeanDebug - Resolving type for handle themefd26doctype
[TRACE] 2024-06-03 19:39:32.094 [main] XBeanDebug - Resolving type for handle stylesheet5d8bdoctype
[TRACE] 2024-06-03 19:39:32.107 [main] XBeanDebug - Resolving type for handle ctstylesheet4257type
[TRACE] 2024-06-03 19:39:32.120 [main] XBeanDebug - Resolving type for handle ctfonts6623type
[TRACE] 2024-06-03 19:39:32.128 [main] XBeanDebug - Resolving type for handle ctfont14d8type
[TRACE] 2024-06-03 19:39:32.144 [main] XBeanDebug - Resolving type for handle ctfills2c6ftype
[TRACE] 2024-06-03 19:39:32.152 [main] XBeanDebug - Resolving type for handle ctfill550ctype
[TRACE] 2024-06-03 19:39:32.162 [main] XBeanDebug - Resolving type for handle ctborders0d66type
[TRACE] 2024-06-03 19:39:32.168 [main] XBeanDebug - Resolving type for handle ctborderf935type
[TRACE] 2024-06-03 19:39:32.177 [main] XBeanDebug - Resolving type for handle ctcellxfs1322type
[TRACE] 2024-06-03 19:39:32.184 [main] XBeanDebug - Resolving type for handle ctxf97f7type
[TRACE] 2024-06-03 19:39:32.193 [main] XBeanDebug - Resolving type for handle ctcellstylexfsa81ftype
[TRACE] 2024-06-03 19:39:32.199 [main] XBeanDebug - Resolving type for handle ctdxfsb26atype
[TRACE] 2024-06-03 19:39:32.205 [main] XBeanDebug - Resolving type for handle cttablestyles872ftype
[TRACE] 2024-06-03 19:39:32.214 [main] XBeanDebug - Resolving type for handle sstf81fdoctype
[TRACE] 2024-06-03 19:39:32.222 [main] XBeanDebug - Resolving type for handle ctsst44f3type
[TRACE] 2024-06-03 19:39:32.244 [main] XBeanDebug - Resolving type for handle ctrsta472type
[TRACE] 2024-06-03 19:39:32.278 [main] XBeanDebug - Resolving type for handle workbookec17doctype
[TRACE] 2024-06-03 19:39:32.287 [main] XBeanDebug - Resolving type for handle ctworkbook83c3type
[TRACE] 2024-06-03 19:39:32.298 [main] XBeanDebug - Resolving type for handle ctsheets49fdtype
[TRACE] 2024-06-03 19:39:32.305 [main] XBeanDebug - Resolving type for handle ctsheet4dbetype
[TRACE] 2024-06-03 19:39:32.310 [main] XBeanDebug - Resolving type for handle strelationshipid1e94type
[TRACE] 2024-06-03 19:39:32.319 [main] XBeanDebug - Resolving type for handle worksheetf539doctype
[TRACE] 2024-06-03 19:39:32.333 [main] XBeanDebug - Resolving type for handle ctworksheet530dtype
[TRACE] 2024-06-03 19:39:32.356 [main] XBeanDebug - Resolving type for handle ctcols627ctype
[TRACE] 2024-06-03 19:39:32.372 [main] XBeanDebug - Resolving type for handle ctcola95ftype
[TRACE] 2024-06-03 19:39:32.411 [main] XBeanDebug - Resolving type for handle ctsheetdata8408type
[TRACE] 2024-06-03 19:39:32.419 [main] XBeanDebug - Resolving type for handle ctrowdd39type
[TRACE] 2024-06-03 19:39:32.431 [main] XBeanDebug - Resolving type for handle ctcell842btype
[TRACE] 2024-06-03 19:39:32.450 [main] XBeanDebug - Resolving type for handle stcellrefe4e0type
[TRACE] 2024-06-03 19:39:32.465 [main] XBeanDebug - Resolving type for handle stxstringf179type
[DEBUG] 2024-06-03 19:39:47.715 [main] PackageRelationshipCollection - Parsing relationship: /xl/_rels/workbook.xml.rels
[DEBUG] 2024-06-03 19:39:47.734 [main] PackageRelationshipCollection - Parsing relationship: /_rels/.rels
[TRACE] 2024-06-03 19:39:48.222 [main] XBeanDebug - Loading type system org.apache.poi.schemas.ooxml.system.ooxml
[TRACE] 2024-06-03 19:39:48.230 [main] XBeanDebug - Loading type system org.apache.xmlbeans.metadata.system.sXMLCONFIG
[TRACE] 2024-06-03 19:39:48.231 [main] XBeanDebug - Loading type system org.apache.xmlbeans.metadata.system.sXMLLANG
[TRACE] 2024-06-03 19:39:48.232 [main] XBeanDebug - Loading type system org.apache.xmlbeans.metadata.system.sXMLSCHEMA
[TRACE] 2024-06-03 19:39:48.234 [main] XBeanDebug - Loading type system org.apache.xmlbeans.metadata.system.sXMLTOOLS
[TRACE] 2024-06-03 19:39:48.237 [main] XBeanDebug - Reading unresolved handles for type system org.apache.xmlbeans.metadata.system.sXMLTOOLS
[TRACE] 2024-06-03 19:39:48.270 [main] XBeanDebug - Finished loading type system org.apache.xmlbeans.metadata.system.sXMLTOOLS
[TRACE] 2024-06-03 19:39:48.272 [main] XBeanDebug - Reading unresolved handles for type system org.apache.xmlbeans.metadata.system.sXMLSCHEMA
[TRACE] 2024-06-03 19:39:48.298 [main] XBeanDebug - Finished loading type system org.apache.xmlbeans.metadata.system.sXMLSCHEMA
[TRACE] 2024-06-03 19:39:48.300 [main] XBeanDebug - Reading unresolved handles for type system org.apache.xmlbeans.metadata.system.sXMLLANG
[TRACE] 2024-06-03 19:39:48.302 [main] XBeanDebug - Finished loading type system org.apache.xmlbeans.metadata.system.sXMLLANG
[TRACE] 2024-06-03 19:39:48.305 [main] XBeanDebug - Reading unresolved handles for type system org.apache.xmlbeans.metadata.system.sXMLCONFIG
[TRACE] 2024-06-03 19:39:48.307 [main] XBeanDebug - Finished loading type system org.apache.xmlbeans.metadata.system.sXMLCONFIG
[TRACE] 2024-06-03 19:39:48.310 [main] XBeanDebug - Reading unresolved handles for type system org.apache.poi.schemas.ooxml.system.ooxml
[TRACE] 2024-06-03 19:39:48.451 [main] XBeanDebug - Finished loading type system org.apache.poi.schemas.ooxml.system.ooxml
[TRACE] 2024-06-03 19:39:48.453 [main] XBeanDebug - Resolving type for handle themefd26doctype
[TRACE] 2024-06-03 19:39:48.588 [main] XBeanDebug - Resolving type for handle stylesheet5d8bdoctype
[TRACE] 2024-06-03 19:39:48.599 [main] XBeanDebug - Resolving type for handle ctstylesheet4257type
[TRACE] 2024-06-03 19:39:48.610 [main] XBeanDebug - Resolving type for handle ctfonts6623type
[TRACE] 2024-06-03 19:39:48.616 [main] XBeanDebug - Resolving type for handle ctfont14d8type
[TRACE] 2024-06-03 19:39:48.628 [main] XBeanDebug - Resolving type for handle ctfills2c6ftype
[TRACE] 2024-06-03 19:39:48.633 [main] XBeanDebug - Resolving type for handle ctfill550ctype
[TRACE] 2024-06-03 19:39:48.638 [main] XBeanDebug - Resolving type for handle ctborders0d66type
[TRACE] 2024-06-03 19:39:48.643 [main] XBeanDebug - Resolving type for handle ctborderf935type
[TRACE] 2024-06-03 19:39:48.650 [main] XBeanDebug - Resolving type for handle ctcellxfs1322type
[TRACE] 2024-06-03 19:39:48.656 [main] XBeanDebug - Resolving type for handle ctxf97f7type
[TRACE] 2024-06-03 19:39:48.663 [main] XBeanDebug - Resolving type for handle ctcellstylexfsa81ftype
[TRACE] 2024-06-03 19:39:48.668 [main] XBeanDebug - Resolving type for handle ctdxfsb26atype
[TRACE] 2024-06-03 19:39:48.674 [main] XBeanDebug - Resolving type for handle cttablestyles872ftype
[TRACE] 2024-06-03 19:39:48.682 [main] XBeanDebug - Resolving type for handle sstf81fdoctype
[TRACE] 2024-06-03 19:39:48.690 [main] XBeanDebug - Resolving type for handle ctsst44f3type
[TRACE] 2024-06-03 19:39:48.711 [main] XBeanDebug - Resolving type for handle ctrsta472type
[TRACE] 2024-06-03 19:39:48.745 [main] XBeanDebug - Resolving type for handle workbookec17doctype
[TRACE] 2024-06-03 19:39:48.754 [main] XBeanDebug - Resolving type for handle ctworkbook83c3type
[TRACE] 2024-06-03 19:39:48.765 [main] XBeanDebug - Resolving type for handle ctsheets49fdtype
[TRACE] 2024-06-03 19:39:48.770 [main] XBeanDebug - Resolving type for handle ctsheet4dbetype
[TRACE] 2024-06-03 19:39:48.774 [main] XBeanDebug - Resolving type for handle strelationshipid1e94type
[TRACE] 2024-06-03 19:39:48.780 [main] XBeanDebug - Resolving type for handle worksheetf539doctype
[TRACE] 2024-06-03 19:39:48.791 [main] XBeanDebug - Resolving type for handle ctworksheet530dtype
[TRACE] 2024-06-03 19:39:48.816 [main] XBeanDebug - Resolving type for handle ctcols627ctype
[TRACE] 2024-06-03 19:39:48.829 [main] XBeanDebug - Resolving type for handle ctcola95ftype
[TRACE] 2024-06-03 19:39:48.877 [main] XBeanDebug - Resolving type for handle ctsheetdata8408type
[TRACE] 2024-06-03 19:39:48.882 [main] XBeanDebug - Resolving type for handle ctrowdd39type
[TRACE] 2024-06-03 19:39:48.892 [main] XBeanDebug - Resolving type for handle ctcell842btype
[TRACE] 2024-06-03 19:39:48.906 [main] XBeanDebug - Resolving type for handle stcellrefe4e0type
[TRACE] 2024-06-03 19:39:48.920 [main] XBeanDebug - Resolving type for handle stxstringf179type
[DEBUG] 2024-06-03 19:39:57.110 [main] PackageRelationshipCollection - Parsing relationship: /xl/_rels/workbook.xml.rels
[DEBUG] 2024-06-03 19:39:57.127 [main] PackageRelationshipCollection - Parsing relationship: /_rels/.rels
[TRACE] 2024-06-03 19:39:57.609 [main] XBeanDebug - Loading type system org.apache.poi.schemas.ooxml.system.ooxml
[TRACE] 2024-06-03 19:39:57.621 [main] XBeanDebug - Loading type system org.apache.xmlbeans.metadata.system.sXMLCONFIG
[TRACE] 2024-06-03 19:39:57.623 [main] XBeanDebug - Loading type system org.apache.xmlbeans.metadata.system.sXMLLANG
[TRACE] 2024-06-03 19:39:57.624 [main] XBeanDebug - Loading type system org.apache.xmlbeans.metadata.system.sXMLSCHEMA
[TRACE] 2024-06-03 19:39:57.626 [main] XBeanDebug - Loading type system org.apache.xmlbeans.metadata.system.sXMLTOOLS
[TRACE] 2024-06-03 19:39:57.630 [main] XBeanDebug - Reading unresolved handles for type system org.apache.xmlbeans.metadata.system.sXMLTOOLS
[TRACE] 2024-06-03 19:39:57.666 [main] XBeanDebug - Finished loading type system org.apache.xmlbeans.metadata.system.sXMLTOOLS
[TRACE] 2024-06-03 19:39:57.669 [main] XBeanDebug - Reading unresolved handles for type system org.apache.xmlbeans.metadata.system.sXMLSCHEMA
[TRACE] 2024-06-03 19:39:57.681 [main] XBeanDebug - Finished loading type system org.apache.xmlbeans.metadata.system.sXMLSCHEMA
[TRACE] 2024-06-03 19:39:57.684 [main] XBeanDebug - Reading unresolved handles for type system org.apache.xmlbeans.metadata.system.sXMLLANG
[TRACE] 2024-06-03 19:39:57.686 [main] XBeanDebug - Finished loading type system org.apache.xmlbeans.metadata.system.sXMLLANG
[TRACE] 2024-06-03 19:39:57.688 [main] XBeanDebug - Reading unresolved handles for type system org.apache.xmlbeans.metadata.system.sXMLCONFIG
[TRACE] 2024-06-03 19:39:57.691 [main] XBeanDebug - Finished loading type system org.apache.xmlbeans.metadata.system.sXMLCONFIG
[TRACE] 2024-06-03 19:39:57.693 [main] XBeanDebug - Reading unresolved handles for type system org.apache.poi.schemas.ooxml.system.ooxml
[TRACE] 2024-06-03 19:39:57.841 [main] XBeanDebug - Finished loading type system org.apache.poi.schemas.ooxml.system.ooxml
[TRACE] 2024-06-03 19:39:57.842 [main] XBeanDebug - Resolving type for handle themefd26doctype
[TRACE] 2024-06-03 19:39:57.986 [main] XBeanDebug - Resolving type for handle stylesheet5d8bdoctype
[TRACE] 2024-06-03 19:39:57.998 [main] XBeanDebug - Resolving type for handle ctstylesheet4257type
[TRACE] 2024-06-03 19:39:58.010 [main] XBeanDebug - Resolving type for handle ctfonts6623type
[TRACE] 2024-06-03 19:39:58.016 [main] XBeanDebug - Resolving type for handle ctfont14d8type
[TRACE] 2024-06-03 19:39:58.029 [main] XBeanDebug - Resolving type for handle ctfills2c6ftype
[TRACE] 2024-06-03 19:39:58.034 [main] XBeanDebug - Resolving type for handle ctfill550ctype
[TRACE] 2024-06-03 19:39:58.039 [main] XBeanDebug - Resolving type for handle ctborders0d66type
[TRACE] 2024-06-03 19:39:58.045 [main] XBeanDebug - Resolving type for handle ctborderf935type
[TRACE] 2024-06-03 19:39:58.052 [main] XBeanDebug - Resolving type for handle ctcellxfs1322type
[TRACE] 2024-06-03 19:39:58.058 [main] XBeanDebug - Resolving type for handle ctxf97f7type
[TRACE] 2024-06-03 19:39:58.065 [main] XBeanDebug - Resolving type for handle ctcellstylexfsa81ftype
[TRACE] 2024-06-03 19:39:58.070 [main] XBeanDebug - Resolving type for handle ctdxfsb26atype
[TRACE] 2024-06-03 19:39:58.075 [main] XBeanDebug - Resolving type for handle cttablestyles872ftype
[TRACE] 2024-06-03 19:39:58.083 [main] XBeanDebug - Resolving type for handle sstf81fdoctype
[TRACE] 2024-06-03 19:39:58.091 [main] XBeanDebug - Resolving type for handle ctsst44f3type
[TRACE] 2024-06-03 19:39:58.111 [main] XBeanDebug - Resolving type for handle ctrsta472type
[TRACE] 2024-06-03 19:39:58.145 [main] XBeanDebug - Resolving type for handle workbookec17doctype
[TRACE] 2024-06-03 19:39:58.155 [main] XBeanDebug - Resolving type for handle ctworkbook83c3type
[TRACE] 2024-06-03 19:39:58.166 [main] XBeanDebug - Resolving type for handle ctsheets49fdtype
[TRACE] 2024-06-03 19:39:58.171 [main] XBeanDebug - Resolving type for handle ctsheet4dbetype
[TRACE] 2024-06-03 19:39:58.175 [main] XBeanDebug - Resolving type for handle strelationshipid1e94type
[TRACE] 2024-06-03 19:39:58.181 [main] XBeanDebug - Resolving type for handle worksheetf539doctype
[TRACE] 2024-06-03 19:39:58.191 [main] XBeanDebug - Resolving type for handle ctworksheet530dtype
[TRACE] 2024-06-03 19:39:58.211 [main] XBeanDebug - Resolving type for handle ctcols627ctype
[TRACE] 2024-06-03 19:39:58.224 [main] XBeanDebug - Resolving type for handle ctcola95ftype
[TRACE] 2024-06-03 19:39:58.258 [main] XBeanDebug - Resolving type for handle ctsheetdata8408type
[TRACE] 2024-06-03 19:39:58.265 [main] XBeanDebug - Resolving type for handle ctrowdd39type
[TRACE] 2024-06-03 19:39:58.275 [main] XBeanDebug - Resolving type for handle ctcell842btype
[TRACE] 2024-06-03 19:39:58.290 [main] XBeanDebug - Resolving type for handle stcellrefe4e0type
[TRACE] 2024-06-03 19:39:58.305 [main] XBeanDebug - Resolving type for handle stxstringf179type
[DEBUG] 2024-06-03 19:40:52.492 [main] PackageRelationshipCollection - Parsing relationship: /xl/_rels/workbook.xml.rels
[DEBUG] 2024-06-03 19:40:52.509 [main] PackageRelationshipCollection - Parsing relationship: /_rels/.rels
[TRACE] 2024-06-03 19:40:52.994 [main] XBeanDebug - Loading type system org.apache.poi.schemas.ooxml.system.ooxml
[TRACE] 2024-06-03 19:40:53.001 [main] XBeanDebug - Loading type system org.apache.xmlbeans.metadata.system.sXMLCONFIG
[TRACE] 2024-06-03 19:40:53.002 [main] XBeanDebug - Loading type system org.apache.xmlbeans.metadata.system.sXMLLANG
[TRACE] 2024-06-03 19:40:53.003 [main] XBeanDebug - Loading type system org.apache.xmlbeans.metadata.system.sXMLSCHEMA
[TRACE] 2024-06-03 19:40:53.005 [main] XBeanDebug - Loading type system org.apache.xmlbeans.metadata.system.sXMLTOOLS
[TRACE] 2024-06-03 19:40:53.008 [main] XBeanDebug - Reading unresolved handles for type system org.apache.xmlbeans.metadata.system.sXMLTOOLS
[TRACE] 2024-06-03 19:40:53.044 [main] XBeanDebug - Finished loading type system org.apache.xmlbeans.metadata.system.sXMLTOOLS
[TRACE] 2024-06-03 19:40:53.046 [main] XBeanDebug - Reading unresolved handles for type system org.apache.xmlbeans.metadata.system.sXMLSCHEMA
[TRACE] 2024-06-03 19:40:53.070 [main] XBeanDebug - Finished loading type system org.apache.xmlbeans.metadata.system.sXMLSCHEMA
[TRACE] 2024-06-03 19:40:53.073 [main] XBeanDebug - Reading unresolved handles for type system org.apache.xmlbeans.metadata.system.sXMLLANG
[TRACE] 2024-06-03 19:40:53.075 [main] XBeanDebug - Finished loading type system org.apache.xmlbeans.metadata.system.sXMLLANG
[TRACE] 2024-06-03 19:40:53.077 [main] XBeanDebug - Reading unresolved handles for type system org.apache.xmlbeans.metadata.system.sXMLCONFIG
[TRACE] 2024-06-03 19:40:53.079 [main] XBeanDebug - Finished loading type system org.apache.xmlbeans.metadata.system.sXMLCONFIG
[TRACE] 2024-06-03 19:40:53.082 [main] XBeanDebug - Reading unresolved handles for type system org.apache.poi.schemas.ooxml.system.ooxml
[TRACE] 2024-06-03 19:40:53.228 [main] XBeanDebug - Finished loading type system org.apache.poi.schemas.ooxml.system.ooxml
[TRACE] 2024-06-03 19:40:53.229 [main] XBeanDebug - Resolving type for handle themefd26doctype
[TRACE] 2024-06-03 19:40:53.369 [main] XBeanDebug - Resolving type for handle stylesheet5d8bdoctype
[TRACE] 2024-06-03 19:40:53.381 [main] XBeanDebug - Resolving type for handle ctstylesheet4257type
[TRACE] 2024-06-03 19:40:53.392 [main] XBeanDebug - Resolving type for handle ctfonts6623type
[TRACE] 2024-06-03 19:40:53.399 [main] XBeanDebug - Resolving type for handle ctfont14d8type
[TRACE] 2024-06-03 19:40:53.413 [main] XBeanDebug - Resolving type for handle ctfills2c6ftype
[TRACE] 2024-06-03 19:40:53.418 [main] XBeanDebug - Resolving type for handle ctfill550ctype
[TRACE] 2024-06-03 19:40:53.423 [main] XBeanDebug - Resolving type for handle ctborders0d66type
[TRACE] 2024-06-03 19:40:53.429 [main] XBeanDebug - Resolving type for handle ctborderf935type
[TRACE] 2024-06-03 19:40:53.436 [main] XBeanDebug - Resolving type for handle ctcellxfs1322type
[TRACE] 2024-06-03 19:40:53.442 [main] XBeanDebug - Resolving type for handle ctxf97f7type
[TRACE] 2024-06-03 19:40:53.448 [main] XBeanDebug - Resolving type for handle ctcellstylexfsa81ftype
[TRACE] 2024-06-03 19:40:53.452 [main] XBeanDebug - Resolving type for handle ctdxfsb26atype
[TRACE] 2024-06-03 19:40:53.458 [main] XBeanDebug - Resolving type for handle cttablestyles872ftype
[TRACE] 2024-06-03 19:40:53.465 [main] XBeanDebug - Resolving type for handle sstf81fdoctype
[TRACE] 2024-06-03 19:40:53.474 [main] XBeanDebug - Resolving type for handle ctsst44f3type
[TRACE] 2024-06-03 19:40:53.495 [main] XBeanDebug - Resolving type for handle ctrsta472type
[TRACE] 2024-06-03 19:40:53.531 [main] XBeanDebug - Resolving type for handle workbookec17doctype
[TRACE] 2024-06-03 19:40:53.540 [main] XBeanDebug - Resolving type for handle ctworkbook83c3type
[TRACE] 2024-06-03 19:40:53.550 [main] XBeanDebug - Resolving type for handle ctsheets49fdtype
[TRACE] 2024-06-03 19:40:53.555 [main] XBeanDebug - Resolving type for handle ctsheet4dbetype
[TRACE] 2024-06-03 19:40:53.559 [main] XBeanDebug - Resolving type for handle strelationshipid1e94type
[TRACE] 2024-06-03 19:40:53.565 [main] XBeanDebug - Resolving type for handle worksheetf539doctype
[TRACE] 2024-06-03 19:40:53.577 [main] XBeanDebug - Resolving type for handle ctworksheet530dtype
[TRACE] 2024-06-03 19:40:53.598 [main] XBeanDebug - Resolving type for handle ctcols627ctype
[TRACE] 2024-06-03 19:40:53.611 [main] XBeanDebug - Resolving type for handle ctcola95ftype
[TRACE] 2024-06-03 19:40:53.658 [main] XBeanDebug - Resolving type for handle ctsheetdata8408type
[TRACE] 2024-06-03 19:40:53.663 [main] XBeanDebug - Resolving type for handle ctrowdd39type
[TRACE] 2024-06-03 19:40:53.673 [main] XBeanDebug - Resolving type for handle ctcell842btype
[TRACE] 2024-06-03 19:40:53.688 [main] XBeanDebug - Resolving type for handle stcellrefe4e0type
[TRACE] 2024-06-03 19:40:53.703 [main] XBeanDebug - Resolving type for handle stxstringf179type
[DEBUG] 2024-06-03 19:41:14.775 [main] PackageRelationshipCollection - Parsing relationship: /xl/_rels/workbook.xml.rels
[DEBUG] 2024-06-03 19:41:14.790 [main] PackageRelationshipCollection - Parsing relationship: /_rels/.rels
[TRACE] 2024-06-03 19:41:15.252 [main] XBeanDebug - Loading type system org.apache.poi.schemas.ooxml.system.ooxml
[TRACE] 2024-06-03 19:41:15.258 [main] XBeanDebug - Loading type system org.apache.xmlbeans.metadata.system.sXMLCONFIG
[TRACE] 2024-06-03 19:41:15.259 [main] XBeanDebug - Loading type system org.apache.xmlbeans.metadata.system.sXMLLANG
[TRACE] 2024-06-03 19:41:15.261 [main] XBeanDebug - Loading type system org.apache.xmlbeans.metadata.system.sXMLSCHEMA
[TRACE] 2024-06-03 19:41:15.263 [main] XBeanDebug - Loading type system org.apache.xmlbeans.metadata.system.sXMLTOOLS
[TRACE] 2024-06-03 19:41:15.266 [main] XBeanDebug - Reading unresolved handles for type system org.apache.xmlbeans.metadata.system.sXMLTOOLS
[TRACE] 2024-06-03 19:41:15.303 [main] XBeanDebug - Finished loading type system org.apache.xmlbeans.metadata.system.sXMLTOOLS
[TRACE] 2024-06-03 19:41:15.306 [main] XBeanDebug - Reading unresolved handles for type system org.apache.xmlbeans.metadata.system.sXMLSCHEMA
[TRACE] 2024-06-03 19:41:15.320 [main] XBeanDebug - Finished loading type system org.apache.xmlbeans.metadata.system.sXMLSCHEMA
[TRACE] 2024-06-03 19:41:15.322 [main] XBeanDebug - Reading unresolved handles for type system org.apache.xmlbeans.metadata.system.sXMLLANG
[TRACE] 2024-06-03 19:41:15.337 [main] XBeanDebug - Finished loading type system org.apache.xmlbeans.metadata.system.sXMLLANG
[TRACE] 2024-06-03 19:41:15.339 [main] XBeanDebug - Reading unresolved handles for type system org.apache.xmlbeans.metadata.system.sXMLCONFIG
[TRACE] 2024-06-03 19:41:15.341 [main] XBeanDebug - Finished loading type system org.apache.xmlbeans.metadata.system.sXMLCONFIG
[TRACE] 2024-06-03 19:41:15.343 [main] XBeanDebug - Reading unresolved handles for type system org.apache.poi.schemas.ooxml.system.ooxml
[TRACE] 2024-06-03 19:41:15.490 [main] XBeanDebug - Finished loading type system org.apache.poi.schemas.ooxml.system.ooxml
[TRACE] 2024-06-03 19:41:15.492 [main] XBeanDebug - Resolving type for handle themefd26doctype
[TRACE] 2024-06-03 19:41:15.637 [main] XBeanDebug - Resolving type for handle stylesheet5d8bdoctype
[TRACE] 2024-06-03 19:41:15.649 [main] XBeanDebug - Resolving type for handle ctstylesheet4257type
[TRACE] 2024-06-03 19:41:15.659 [main] XBeanDebug - Resolving type for handle ctfonts6623type
[TRACE] 2024-06-03 19:41:15.665 [main] XBeanDebug - Resolving type for handle ctfont14d8type
[TRACE] 2024-06-03 19:41:15.677 [main] XBeanDebug - Resolving type for handle ctfills2c6ftype
[TRACE] 2024-06-03 19:41:15.683 [main] XBeanDebug - Resolving type for handle ctfill550ctype
[TRACE] 2024-06-03 19:41:15.688 [main] XBeanDebug - Resolving type for handle ctborders0d66type
[TRACE] 2024-06-03 19:41:15.694 [main] XBeanDebug - Resolving type for handle ctborderf935type
[TRACE] 2024-06-03 19:41:15.701 [main] XBeanDebug - Resolving type for handle ctcellxfs1322type
[TRACE] 2024-06-03 19:41:15.707 [main] XBeanDebug - Resolving type for handle ctxf97f7type
[TRACE] 2024-06-03 19:41:15.716 [main] XBeanDebug - Resolving type for handle ctcellstylexfsa81ftype
[TRACE] 2024-06-03 19:41:15.721 [main] XBeanDebug - Resolving type for handle ctdxfsb26atype
[TRACE] 2024-06-03 19:41:15.726 [main] XBeanDebug - Resolving type for handle cttablestyles872ftype
[TRACE] 2024-06-03 19:41:15.733 [main] XBeanDebug - Resolving type for handle sstf81fdoctype
[TRACE] 2024-06-03 19:41:15.742 [main] XBeanDebug - Resolving type for handle ctsst44f3type
[TRACE] 2024-06-03 19:41:15.763 [main] XBeanDebug - Resolving type for handle ctrsta472type
[TRACE] 2024-06-03 19:41:15.803 [main] XBeanDebug - Resolving type for handle workbookec17doctype
[TRACE] 2024-06-03 19:41:15.814 [main] XBeanDebug - Resolving type for handle ctworkbook83c3type
[TRACE] 2024-06-03 19:41:15.824 [main] XBeanDebug - Resolving type for handle ctsheets49fdtype
[TRACE] 2024-06-03 19:41:15.829 [main] XBeanDebug - Resolving type for handle ctsheet4dbetype
[TRACE] 2024-06-03 19:41:15.833 [main] XBeanDebug - Resolving type for handle strelationshipid1e94type
[TRACE] 2024-06-03 19:41:15.839 [main] XBeanDebug - Resolving type for handle worksheetf539doctype
[TRACE] 2024-06-03 19:41:15.851 [main] XBeanDebug - Resolving type for handle ctworksheet530dtype
[TRACE] 2024-06-03 19:41:15.871 [main] XBeanDebug - Resolving type for handle ctcols627ctype
[TRACE] 2024-06-03 19:41:15.894 [main] XBeanDebug - Resolving type for handle ctcola95ftype
[TRACE] 2024-06-03 19:41:15.928 [main] XBeanDebug - Resolving type for handle ctsheetdata8408type
[TRACE] 2024-06-03 19:41:15.933 [main] XBeanDebug - Resolving type for handle ctrowdd39type
[TRACE] 2024-06-03 19:41:15.945 [main] XBeanDebug - Resolving type for handle ctcell842btype
[TRACE] 2024-06-03 19:41:15.960 [main] XBeanDebug - Resolving type for handle stcellrefe4e0type
[TRACE] 2024-06-03 19:41:15.973 [main] XBeanDebug - Resolving type for handle stxstringf179type
